<?xml version="1.0" encoding="UTF-8"?>
<testng-results skipped="0" failed="0" total="1" passed="1">
  <reporter-output>
  </reporter-output>
  <suite name="Default suite" duration-ms="3664" started-at="2020-01-05T07:22:39Z" finished-at="2020-01-05T07:22:42Z">
    <groups>
    </groups>
    <test name="Default test" duration-ms="3664" started-at="2020-01-05T07:22:39Z" finished-at="2020-01-05T07:22:42Z">
      <class name="Testemail">
        <test-method status="PASS" signature="verified()[pri:0, instance:Testemail@18d87d80]" name="verified" duration-ms="3633" started-at="2020-01-05T12:52:39Z" finished-at="2020-01-05T12:52:42Z">
          <reporter-output>
          </reporter-output>
        </test-method> <!-- verified -->
      </class> <!-- Testemail -->
    </test> <!-- Default test -->
  </suite> <!-- Default suite -->
</testng-results>
